TN:
SF:E:\vue-fab\test\unit\index.js
FN:1,(anonymous_1)
FN:6,__webpack_require__
FN:37,(anonymous_3)
FN:48,(anonymous_4)
FN:50,getDefault
FN:51,getModuleExports
FN:57,(anonymous_7)
FN:68,(anonymous_8)
FN:74,(anonymous_9)
FN:80,(anonymous_10)
FN:87,(anonymous_11)
FN:93,(anonymous_12)
FN:100,(anonymous_13)
FN:107,(anonymous_14)
FN:114,(anonymous_15)
FN:121,(anonymous_16)
FN:128,(anonymous_17)
FN:135,(anonymous_18)
FN:142,(anonymous_19)
FN:148,(anonymous_20)
FN:154,(anonymous_21)
FN:161,(anonymous_22)
FN:168,(anonymous_23)
FN:175,(anonymous_24)
FN:182,(anonymous_25)
FN:188,(anonymous_26)
FN:194,(anonymous_27)
FN:201,(anonymous_28)
FN:208,(anonymous_29)
FN:214,(anonymous_30)
FN:220,(anonymous_31)
FN:226,(anonymous_32)
FN:233,(anonymous_33)
FN:240,(anonymous_34)
FN:246,(anonymous_35)
FN:252,(anonymous_36)
FN:259,(anonymous_37)
FN:265,(anonymous_38)
FN:271,(anonymous_39)
FN:278,(anonymous_40)
FN:285,(anonymous_41)
FN:291,(anonymous_42)
FN:297,(anonymous_43)
FN:303,(anonymous_44)
FN:309,(anonymous_45)
FN:315,(anonymous_46)
FN:321,(anonymous_47)
FN:327,(anonymous_48)
FN:333,(anonymous_49)
FN:339,(anonymous_50)
FN:345,(anonymous_51)
FN:351,(anonymous_52)
FNF:52
FNH:51
FNDA:1,(anonymous_1)
FNDA:226,__webpack_require__
FNDA:9,(anonymous_3)
FNDA:3,(anonymous_4)
FNDA:3,getDefault
FNDA:0,getModuleExports
FNDA:9,(anonymous_7)
FNDA:1,(anonymous_8)
FNDA:1,(anonymous_9)
FNDA:1,(anonymous_10)
FNDA:1,(anonymous_11)
FNDA:1,(anonymous_12)
FNDA:1,(anonymous_13)
FNDA:1,(anonymous_14)
FNDA:1,(anonymous_15)
FNDA:1,(anonymous_16)
FNDA:1,(anonymous_17)
FNDA:1,(anonymous_18)
FNDA:1,(anonymous_19)
FNDA:1,(anonymous_20)
FNDA:1,(anonymous_21)
FNDA:1,(anonymous_22)
FNDA:1,(anonymous_23)
FNDA:1,(anonymous_24)
FNDA:1,(anonymous_25)
FNDA:1,(anonymous_26)
FNDA:1,(anonymous_27)
FNDA:1,(anonymous_28)
FNDA:1,(anonymous_29)
FNDA:1,(anonymous_30)
FNDA:1,(anonymous_31)
FNDA:1,(anonymous_32)
FNDA:1,(anonymous_33)
FNDA:1,(anonymous_34)
FNDA:1,(anonymous_35)
FNDA:1,(anonymous_36)
FNDA:1,(anonymous_37)
FNDA:1,(anonymous_38)
FNDA:1,(anonymous_39)
FNDA:1,(anonymous_40)
FNDA:1,(anonymous_41)
FNDA:1,(anonymous_42)
FNDA:1,(anonymous_43)
FNDA:1,(anonymous_44)
FNDA:1,(anonymous_45)
FNDA:1,(anonymous_46)
FNDA:1,(anonymous_47)
FNDA:1,(anonymous_48)
FNDA:1,(anonymous_49)
FNDA:1,(anonymous_50)
FNDA:1,(anonymous_51)
FNDA:1,(anonymous_52)
DA:1,1
DA:3,1
DA:6,1
DA:9,226
DA:10,181
DA:13,45
DA:20,45
DA:23,45
DA:26,45
DA:31,1
DA:34,1
DA:37,1
DA:38,9
DA:39,9
DA:48,1
DA:49,3
DA:50,3
DA:51,0
DA:52,3
DA:53,3
DA:57,9
DA:60,1
DA:63,1
DA:70,1
DA:76,1
DA:83,1
DA:89,1
DA:96,1
DA:103,1
DA:110,1
DA:117,1
DA:124,1
DA:131,1
DA:138,1
DA:144,1
DA:150,1
DA:157,1
DA:164,1
DA:171,1
DA:178,1
DA:184,1
DA:190,1
DA:197,1
DA:204,1
DA:210,1
DA:216,1
DA:222,1
DA:229,1
DA:236,1
DA:242,1
DA:248,1
DA:255,1
DA:261,1
DA:267,1
DA:274,1
DA:281,1
DA:287,1
DA:293,1
DA:299,1
DA:305,1
DA:311,1
DA:317,1
DA:323,1
DA:329,1
DA:335,1
DA:341,1
DA:347,1
DA:353,1
LF:68
LH:67
BRDA:9,1,0,181
BRDA:9,1,1,45
BRDA:38,2,0,9
BRDA:38,2,1,0
BRDA:49,3,0,3
BRDA:49,3,1,0
BRDA:49,4,0,3
BRDA:49,4,1,3
BRF:8
BRH:6
end_of_record
